0 info it worked if it ends with ok
1 verbose cli [ '/usr/bin/node', '/usr/bin/npm', 'run', 'start' ]
2 info using npm@3.5.2
3 info using node@v8.10.0
4 verbose run-script [ 'prestart', 'start', 'poststart' ]
5 info lifecycle @hedviginsurance/embark@2.0.9~prestart: @hedviginsurance/embark@2.0.9
6 silly lifecycle @hedviginsurance/embark@2.0.9~prestart: no script for prestart, continuing
7 info lifecycle @hedviginsurance/embark@2.0.9~start: @hedviginsurance/embark@2.0.9
8 verbose lifecycle @hedviginsurance/embark@2.0.9~start: unsafe-perm in lifecycle true
9 verbose lifecycle @hedviginsurance/embark@2.0.9~start: PATH: /usr/share/npm/bin/node-gyp-bin:/home/fredrik/repos/embark/node_modules/.bin:/usr/share/npm/bin/node-gyp-bin:/home/fredrik/repos/embark/node_modules/.bin:/home/fredrik/.yvm/shim:/usr/share/swift/usr/bin:/home/fredrik/.local/bin:/usr/local/sbin:/usr/local/bin:/usr/sbin:/usr/bin:/sbin:/bin:/usr/games:/usr/local/games:/snap/bin:/usr/lib/jvm/java-11-oracle/bin:/usr/lib/jvm/java-11-oracle/db/bin
10 verbose lifecycle @hedviginsurance/embark@2.0.9~start: CWD: /home/fredrik/repos/embark
11 silly lifecycle @hedviginsurance/embark@2.0.9~start: Args: [ '-c', 'ts-node --project tsconfig.server.json server.ts' ]
12 silly lifecycle @hedviginsurance/embark@2.0.9~start: Returned: code: 1  signal: null
13 info lifecycle @hedviginsurance/embark@2.0.9~start: Failed to exec start script
14 verbose stack Error: @hedviginsurance/embark@2.0.9 start: `ts-node --project tsconfig.server.json server.ts`
14 verbose stack Exit status 1
14 verbose stack     at EventEmitter.<anonymous> (/usr/share/npm/lib/utils/lifecycle.js:232:16)
14 verbose stack     at emitTwo (events.js:126:13)
14 verbose stack     at EventEmitter.emit (events.js:214:7)
14 verbose stack     at ChildProcess.<anonymous> (/usr/share/npm/lib/utils/spawn.js:24:14)
14 verbose stack     at emitTwo (events.js:126:13)
14 verbose stack     at ChildProcess.emit (events.js:214:7)
14 verbose stack     at maybeClose (internal/child_process.js:925:16)
14 verbose stack     at Process.ChildProcess._handle.onexit (internal/child_process.js:209:5)
15 verbose pkgid @hedviginsurance/embark@2.0.9
16 verbose cwd /home/fredrik/repos/embark
17 error Linux 5.4.0-53-generic
18 error argv "/usr/bin/node" "/usr/bin/npm" "run" "start"
19 error node v8.10.0
20 error npm  v3.5.2
21 error code ELIFECYCLE
22 error @hedviginsurance/embark@2.0.9 start: `ts-node --project tsconfig.server.json server.ts`
22 error Exit status 1
23 error Failed at the @hedviginsurance/embark@2.0.9 start script 'ts-node --project tsconfig.server.json server.ts'.
23 error Make sure you have the latest version of node.js and npm installed.
23 error If you do, this is most likely a problem with the @hedviginsurance/embark package,
23 error not with npm itself.
23 error Tell the author that this fails on your system:
23 error     ts-node --project tsconfig.server.json server.ts
23 error You can get information on how to open an issue for this project with:
23 error     npm bugs @hedviginsurance/embark
23 error Or if that isn't available, you can get their info via:
23 error     npm owner ls @hedviginsurance/embark
23 error There is likely additional logging output above.
24 verbose exit [ 1, true ]
